<?xml version="1.0" encoding="UTF-8"?>
<testng-results skipped="0" failed="0" ignored="0" total="0" passed="0">
  <reporter-output>
  </reporter-output>
  <suite name="runner.TestRunner" duration-ms="5" started-at="2019-05-17T01:58:50Z" finished-at="2019-05-17T01:58:50Z">
    <groups>
    </groups>
    <test name="Command line test" duration-ms="5" started-at="2019-05-17T01:58:50Z" finished-at="2019-05-17T01:58:50Z">
    </test> <!-- Command line test -->
  </suite> <!-- runner.TestRunner -->
</testng-results>
